[chukaokoro.wixsite.com/transez-nigeria-limi.html]
[static.parastorage.com/unpkg/core-js-bundle@3.2.1/minified.js]
[static.parastorage.com/unpkg/focus-within-polyfill@5.0.9/dist/focus-within-polyfill.js]
[polyfill.io/v3/polyfill.mind82c.js]
[browser.sentry-cdn.com/6.18.2/bundle.min.js]
[chukaokoro.wixsite.com/decodeURIComponent(e]
[backblue.gif]
[fade.gif]
[index.html]
[chukaokoro.wixsite.com/sitemap.xml]
[chukaokoro.wixsite.com/feed.xml]
[chukaokoro.wixsite.com/index.html]
[chukaokoro.wixsite.com/transez-nigeria-limi/about-us.html]
[static.wixstatic.com/media/34a1b2_e086ebe56bdf4508bcea1f42f6460df3_mv2.png/v1/fill/w_360,h_120,al_/34a1b2_e086ebe56bdf4508]
[static.wixstatic.com/media/34a1b2_001873d178d6411abc15a3f3885307d2f000.jpg/v1/fill/w_147,h_83,al_c/34a1b2_001873d178d6411a]
[chukaokoro.wixsite.com/transez-nigeria-limi/projects.html]
[chukaokoro.wixsite.com/transez-nigeria-limi/contact.html]
[chukaokoro.wixsite.com/media/emptystate.85a4add5.svg]
[static.wixstatic.com/media/34a1b2_6a8052a686c24b83895d6533489c7e3f_mv2.gif]
[static.wixstatic.com/media/34a1b2_44befcf363024ac7bb492596408ea42b_mv2.jpg/v1/fill/w_104,h_67,al_c/34a1b2_44befcf363024ac7]
[static.parastorage.com/services/wix-thunderbolt/dist/externals-registry.inline.1e6fc1ce.bundle.min.js]
[chukaokoro.wixsite.com/${n.uri}]
[static.wixstatic.com/media/34a1b2_62af45d54dfd429bbeace3ec670f6c5c_mv2.jpg/v1/fill/w_122,h_85,al_c/34a1b2_62af45d54dfd429b]
[static.wixstatic.com/media/34a1b2_b976d30a358e42cfbf640e081a63d0c3_mv2.jpg/v1/fill/w_123,h_87,al_c/34a1b2_b976d30a358e42cf]
[static.wixstatic.com/media/34a1b2_9e379ddd0d7b4b269891b1331d61c3b1_mv2.jpg/v1/fill/w_120,h_80,al_c/running-job-site-is-joi]
[static.parastorage.com/services/wix-thunderbolt/dist/thunderbolt-commons.5250b97e.bundle.min.js]
[static.wixstatic.com/media/34a1b2_f9cb0c187ceb47aa834655f48e033516_mv2.jpg/v1/fill/w_147,h_98,al_c/34a1b2_f9cb0c187ceb47aa]
[static.wixstatic.com/media/34a1b2_200d0362e81b441aa3cae93f72ff3c23_mv2.png/v1/fill/w_64,h_17,al_c,/Chuka_signature_edited]
[static.parastorage.com/services/wix-thunderbolt/dist/main.cef2ef85.bundle.min.js]
[static.wixstatic.com/media/34a1b2_23fdbe81897643c586fe90fa773c0a24_mv2.jpg/v1/fit/w_480,h_718,q_90/34a1b2_23fdbe81897643c5]
[static.wixstatic.com/media/34a1b2_e3e28b18ba6d4151ac84c54feae7563f_mv2.jpg/v1/fit/w_960,h_708,q_90/34a1b2_e3e28b18ba6d4151]
[static.parastorage.com/unpkg/lodash@4.17.21/lodash.min.js]
[static.wixstatic.com/media/34a1b2_606c1d4c3bcd4a9e8102c1802c6058f9_mv2.jpg/v1/fit/w_480,h_720,q_90/34a1b2_606c1d4c3bcd4a9e]
[static.wixstatic.com/media/34a1b2_c71e0472514d4083a8016f973c624305_mv2.jpg/v1/fit/w_907,h_669,q_90/34a1b2_c71e0472514d4083]
[static.parastorage.com/unpkg/react@16.14.0/umd/react.production.min.js]
[static.wixstatic.com/media/34a1b2_3581c049bb384540854fc2152f99d1ad_mv2.jpg/v1/fit/w_480,h_718,q_90/34a1b2_3581c049bb384540]
[static.wixstatic.com/media/34a1b2_52656be4ac76442c80daee8419eb2d7a_mv2.jpg/v1/fill/w_95,h_95,al_c,q_80,usm_0/mtn.1a.delaye]
[static.parastorage.com/unpkg/react-dom@16.14.0/umd/react-dom.production.min.js]
[static.wixstatic.com/media/34a1b2_85a2b06f45354e92b65135b85713f0a5_mv2.png/v1/fill/w_136,h_95,al_c/410x287Chevron_Logo-W.1]
[static.wixstatic.com/media/34a1b2_21675907466644b8805f9d2984330ca5_mv2.jpg/v1/crop/x_9,y_34,w_177,/practical-habitat.1c.de]
[static.parastorage.com/services/tag-manager-client/1.705.0/siteTags.bundle.min.js]
[static.wixstatic.com/media/34a1b2_ef35a32875004351880aaa5f0c727e39_mv2.png/v1/fill/w_124,h_74,al_c/34a1b2_ef35a32875004351]
[static.wixstatic.com/media/34a1b2_7586589e6aa4410384916672bbf6e418_mv2.png/v1/fill/w_81,h_95,al_c,/34a1b2_7586589e6aa44103]
[chukaokoro.wixsite.com/transez-nigeria-limi.html]
[chukaokoro.wixsite.com/decodeURIComponent(e.html]
[chukaokoro.wixsite.com/sitemap.html]
[static.parastorage.com/services/wix-perf-measure/1.1058.0/wix-perf-measure.umd.min.js]
[chukaokoro.wixsite.com/feed.html]
[static.wixstatic.com/media/34a1b2_5e2e703d8d1d4c899db972b359bc44d0_mv2.jpg/v1/fill/w_104,h_48,al_c,q_80,usm/skye.21.delaye]
[static.wixstatic.com/media/34a1b2_be2b028b99d6477b9ff3c370f835f520_mv2.jpg/v1/fill/w_165,h_79,al_c/34a1b2_be2b028b99d6477b]
[chukaokoro.wixsite.com/index.html]
[static.wixstatic.com/media/34a1b2_bd3772456ac84ca68207d69c160964d4_mv2.jpg/v1/fill/w_166,h_79,al_c/34a1b2_bd3772456ac84ca6]
[static.wixstatic.com/media/34a1b2_6dc706fad6714c0db0ead98feae47bbc_mv2.png/v1/crop/x_132,y_0,w_538/34a1b2_6dc706fad6714c0d]
[static.wixstatic.com/media/34a1b2_e086ebe56bdf4508bcea1f42f6460df3_mv2.png/v1/fill/w_75,h_25,al_c,/34a1b2_e086ebe56bdf4508]
[chukaokoro.wixsite.com/transez-nigeria-limi/services.html]
[chukaokoro.wixsite.com/transez-nigeria-limi/decodeURIComponent(e.2e.delayed]
[chukaokoro.wixsite.com/transez-nigeria-limi/robots.txt]
[chukaokoro.wixsite.com/transez-nigeria-limi/sitemap.xml]
[chukaokoro.wixsite.com/transez-nigeria-limi/feed.xml]
[chukaokoro.wixsite.com/transez-nigeria-limi/media/emptystate.85a4add5.svg]
[static.wixstatic.com/media/34a1b2_e3e28b18ba6d4151ac84c54feae7563f_mv2.jpg/v1/fit/w_480,h_360,q_90/34a1b2_e3e28b18ba6d4151]
[chukaokoro.wixsite.com/transez-nigeria-limi/${n.uri}]
[chukaokoro.wixsite.com/transez-nigeria-limi/projects.html]
[chukaokoro.wixsite.com/transez-nigeria-limi/about-us.html]
[static.wixstatic.com/media/34a1b2_23fdbe81897643c586fe90fa773c0a24_mv2.jpg/v1/fit/w_480,h_360,q_90/34a1b2_23fdbe81897643c5]
[chukaokoro.wixsite.com/transez-nigeria-limi/contact.html]
[chukaokoro.wixsite.com/media/emptystate.85a4add5.html]
[static.wixstatic.com/media/34a1b2_606c1d4c3bcd4a9e8102c1802c6058f9_mv2.jpg/v1/fit/w_480,h_360,q_90/34a1b2_606c1d4c3bcd4a9e]
[chukaokoro.wixsite.com/${n.html]
[static.wixstatic.com/media/34a1b2_c71e0472514d4083a8016f973c624305_mv2.jpg/v1/fit/w_480,h_360,q_90/34a1b2_c71e0472514d4083]
[static.wixstatic.com/media/34a1b2_3581c049bb384540854fc2152f99d1ad_mv2.jpg/v1/fit/w_480,h_360,q_90/34a1b2_3581c049bb384540]
[static.wixstatic.com/media/34a1b2_99f5f4be11fe4baaac13aeeab0c5a01c_mv2.jpg/v1/fit/w_480,h_360,q_90/34a1b2_99f5f4be11fe4baa]
[static.wixstatic.com/media/34a1b2_7133cdf3571745e384320a918eca9e17_mv2.jpg/v1/fit/w_480,h_360,q_90/34a1b2_7133cdf3571745e3]
[chukaokoro.wixsite.com/transez-nigeria-limi/services.html]
[chukaokoro.wixsite.com/transez-nigeria-limi/decodeURIComponent(e.html]
[chukaokoro.wixsite.com/transez-nigeria-limi/robots.html]
[static.wixstatic.com/media/34a1b2_dc0fb4bbb63643aaa2e7b42664592552_mv2.jpg/v1/fit/w_480,h_360,q_90/34a1b2_dc0fb4bbb63643aa]
[chukaokoro.wixsite.com/transez-nigeria-limi/sitemap.html]
[static.wixstatic.com/media/34a1b2_148588b9370946cb83a9ab8f2d7f0724_mv2.png/v1/fit/w_480,h_360,q_90/34a1b2_148588b9370946cb]
[static.wixstatic.com/media/c837a6_03f05275e55d4b69ac0264a92776b12f_mv2.jpg/v1/fit/w_480,h_360,q_90/c837a6_03f05275e55d4b69]
[static.wixstatic.com/media/34a1b2_a7525dcde2774c36bdcddf74ff42f585_mv2.jpg/v1/fit/w_480,h_360,q_90/34a1b2_a7525dcde2774c36]
[chukaokoro.wixsite.com/transez-nigeria-limi/feed.html]
[static.wixstatic.com/media/34a1b2_daf31b647fab4a80aa21b7b5747cd0cd_mv2.jpg/v1/fit/w_480,h_360,q_90/34a1b2_daf31b647fab4a80]
[chukaokoro.wixsite.com/transez-nigeria-limi/media/emptystate.85a4add5.html]
[static.wixstatic.com/media/34a1b2_c4f5bf831c4b4ed9a127d6dcff39bb5f_mv2.jpg/v1/fill/w_147,h_98,al_c/34a1b2_c4f5bf831c4b4ed9]
[chukaokoro.wixsite.com/transez-nigeria-limi/${n.html]
[static.wixstatic.com/media/c837a6_70ef682806a246ad8cb85658d823e943_mv2.jpg/v1/fill/w_104,h_69,al_c/c837a6_70ef682806a246ad]
[static.wixstatic.com/media/c837a6_d1c2d1c821d7486c9476087d37894788_mv2.jpg/v1/fill/w_123,h_93,al_c/c837a6_d1c2d1c821d7486c]
[static.wixstatic.com/media/34a1b2_48ada8af46184452a503b044c4c9b63d_mv2.jpg/v1/fill/w_108,h_71,al_c/34a1b2_48ada8af46184452]
[static.wixstatic.com/media/34a1b2_f6adb87a30a740b2bf7bd0ccbd72bebb_mv2.jpg/v1/fill/w_108,h_61,al_c/34a1b2_f6adb87a30a740b2]
[static.wixstatic.com/media/34a1b2_1487d074621b450eb76804daea3e19e8_mv2.jpg/v1/fill/w_108,h_72,al_c/34a1b2_1487d074621b450e]
[static.wixstatic.com/media/34a1b2_2e8c6fe923ec4cc6a57053305144d02e_mv2.jpg/v1/fill/w_89,h_133,al_c/34a1b2_2e8c6fe923ec4cc6]
[static.wixstatic.com/media/34a1b2_94611160a2cb45c3ba538e0fcee899ce_mv2.jpg/v1/fill/w_108,h_72,al_c/34a1b2_94611160a2cb45c3]
[static.wixstatic.com/media/34a1b2_b77759b030344163aacdc0e5bdf47d67_mv2.jpg/v1/fill/w_108,h_87,al_c/34a1b2_b77759b030344163]
[static.wixstatic.com/media/34a1b2_99f5f4be11fe4baaac13aeeab0c5a01c_mv2.jpg/v1/fill/w_108,h_71,al_c/34a1b2_99f5f4be11fe4baa]
[static.wixstatic.com/media/34a1b2_2c9324a915854c068eb7905f6e3db04c_mv2.jpg/v1/fill/w_108,h_72,al_c/34a1b2_2c9324a915854c06]
